Started GET "/" for 127.0.0.1 at 2018-10-04 15:59:17 -0400
Processing by Rails::WelcomeController#index as HTML
  Rendering /Users/johnfox/.rvm/gems/ruby-2.4.2/gems/railties-5.1.6/lib/rails/templates/rails/welcome/index.html.erb
  Rendered /Users/johnfox/.rvm/gems/ruby-2.4.2/gems/railties-5.1.6/lib/rails/templates/rails/welcome/index.html.erb (3.2ms)
Completed 200 OK in 124ms (Views: 7.9ms)


Started GET "/todo_lists" for 127.0.0.1 at 2018-10-04 16:01:11 -0400
  
ActiveRecord::PendingMigrationError (

Migrations are pending. To resolve this issue, run:

        bin/rails db:migrate RAILS_ENV=development

):
  
activerecord (5.1.6) lib/active_record/migration.rb:576:in `check_pending!'
activerecord (5.1.6) lib/active_record/migration.rb:553:in `call'
actionpack (5.1.6) lib/action_dispatch/middleware/callbacks.rb:26:in `block in call'
activesupport (5.1.6) lib/active_support/callbacks.rb:97:in `run_callbacks'
actionpack (5.1.6) lib/action_dispatch/middleware/callbacks.rb:24:in `call'
actionpack (5.1.6) lib/action_dispatch/middleware/executor.rb:12:in `call'
actionpack (5.1.6) lib/action_dispatch/middleware/debug_exceptions.rb:59:in `call'
web-console (3.7.0) lib/web_console/middleware.rb:135:in `call_app'
web-console (3.7.0) lib/web_console/middleware.rb:30:in `block in call'
web-console (3.7.0) lib/web_console/middleware.rb:20:in `catch'
web-console (3.7.0) lib/web_console/middleware.rb:20:in `call'
actionpack (5.1.6) lib/action_dispatch/middleware/show_exceptions.rb:31:in `call'
railties (5.1.6) lib/rails/rack/logger.rb:36:in `call_app'
railties (5.1.6) lib/rails/rack/logger.rb:24:in `block in call'
activesupport (5.1.6) lib/active_support/tagged_logging.rb:69:in `block in tagged'
activesupport (5.1.6) lib/active_support/tagged_logging.rb:26:in `tagged'
activesupport (5.1.6) lib/active_support/tagged_logging.rb:69:in `tagged'
railties (5.1.6) lib/rails/rack/logger.rb:24:in `call'
sprockets-rails (3.2.1) lib/sprockets/rails/quiet_assets.rb:13:in `call'
actionpack (5.1.6) lib/action_dispatch/middleware/remote_ip.rb:79:in `call'
actionpack (5.1.6) lib/action_dispatch/middleware/request_id.rb:25:in `call'
rack (2.0.5) lib/rack/method_override.rb:22:in `call'
rack (2.0.5) lib/rack/runtime.rb:22:in `call'
activesupport (5.1.6) lib/active_support/cache/strategy/local_cache_middleware.rb:27:in `call'
actionpack (5.1.6) lib/action_dispatch/middleware/executor.rb:12:in `call'
actionpack (5.1.6) lib/action_dispatch/middleware/static.rb:125:in `call'
rack (2.0.5) lib/rack/sendfile.rb:111:in `call'
railties (5.1.6) lib/rails/engine.rb:522:in `call'
puma (3.12.0) lib/puma/configuration.rb:225:in `call'
puma (3.12.0) lib/puma/server.rb:658:in `handle_request'
puma (3.12.0) lib/puma/server.rb:472:in `process_client'
puma (3.12.0) lib/puma/server.rb:332:in `block in run'
puma (3.12.0) lib/puma/thread_pool.rb:133:in `block in spawn_thread'
Started GET "/" for 127.0.0.1 at 2018-10-04 16:01:16 -0400
  
ActiveRecord::PendingMigrationError (

Migrations are pending. To resolve this issue, run:

        bin/rails db:migrate RAILS_ENV=development

):
  
activerecord (5.1.6) lib/active_record/migration.rb:576:in `check_pending!'
activerecord (5.1.6) lib/active_record/migration.rb:553:in `call'
actionpack (5.1.6) lib/action_dispatch/middleware/callbacks.rb:26:in `block in call'
activesupport (5.1.6) lib/active_support/callbacks.rb:97:in `run_callbacks'
actionpack (5.1.6) lib/action_dispatch/middleware/callbacks.rb:24:in `call'
actionpack (5.1.6) lib/action_dispatch/middleware/executor.rb:12:in `call'
actionpack (5.1.6) lib/action_dispatch/middleware/debug_exceptions.rb:59:in `call'
web-console (3.7.0) lib/web_console/middleware.rb:135:in `call_app'
web-console (3.7.0) lib/web_console/middleware.rb:30:in `block in call'
web-console (3.7.0) lib/web_console/middleware.rb:20:in `catch'
web-console (3.7.0) lib/web_console/middleware.rb:20:in `call'
actionpack (5.1.6) lib/action_dispatch/middleware/show_exceptions.rb:31:in `call'
railties (5.1.6) lib/rails/rack/logger.rb:36:in `call_app'
railties (5.1.6) lib/rails/rack/logger.rb:24:in `block in call'
activesupport (5.1.6) lib/active_support/tagged_logging.rb:69:in `block in tagged'
activesupport (5.1.6) lib/active_support/tagged_logging.rb:26:in `tagged'
activesupport (5.1.6) lib/active_support/tagged_logging.rb:69:in `tagged'
railties (5.1.6) lib/rails/rack/logger.rb:24:in `call'
sprockets-rails (3.2.1) lib/sprockets/rails/quiet_assets.rb:13:in `call'
actionpack (5.1.6) lib/action_dispatch/middleware/remote_ip.rb:79:in `call'
actionpack (5.1.6) lib/action_dispatch/middleware/request_id.rb:25:in `call'
rack (2.0.5) lib/rack/method_override.rb:22:in `call'
rack (2.0.5) lib/rack/runtime.rb:22:in `call'
activesupport (5.1.6) lib/active_support/cache/strategy/local_cache_middleware.rb:27:in `call'
actionpack (5.1.6) lib/action_dispatch/middleware/executor.rb:12:in `call'
actionpack (5.1.6) lib/action_dispatch/middleware/static.rb:125:in `call'
rack (2.0.5) lib/rack/sendfile.rb:111:in `call'
railties (5.1.6) lib/rails/engine.rb:522:in `call'
puma (3.12.0) lib/puma/configuration.rb:225:in `call'
puma (3.12.0) lib/puma/server.rb:658:in `handle_request'
puma (3.12.0) lib/puma/server.rb:472:in `process_client'
puma (3.12.0) lib/puma/server.rb:332:in `block in run'
puma (3.12.0) lib/puma/thread_pool.rb:133:in `block in spawn_thread'
  [1m[35m (1.3ms)[0m  [1m[34mSELECT sqlite_version(*)[0m
  [1m[35m (1.7ms)[0m  [1m[35mCREATE TABLE "schema_migrations" ("version" varchar NOT NULL PRIMARY KEY)[0m
  [1m[35m (1.3ms)[0m  [1m[35mCREATE TABLE "ar_internal_metadata" ("key" varchar NOT NULL PRIMARY KEY, "value" varchar, "created_at" datetime NOT NULL, "updated_at" datetime NOT NULL)[0m
  [1m[35m (0.1ms)[0m  [1m[34mSELECT "schema_migrations"."version" FROM "schema_migrations" ORDER BY "schema_migrations"."version" ASC[0m
Migrating to CreateTodoLists (20181004200048)
  [1m[35m (0.1ms)[0m  [1m[36mbegin transaction[0m
  [1m[35m (0.4ms)[0m  [1m[35mCREATE TABLE "todo_lists" ("id" INTEGER PRIMARY KEY AUTOINCREMENT NOT NULL, "title" varchar, "description" text, "created_at" datetime NOT NULL, "updated_at" datetime NOT NULL)[0m
  [1m[35mSQL (0.2ms)[0m  [1m[32mINSERT INTO "schema_migrations" ("version") VALUES (?)[0m  [["version", "20181004200048"]]
  [1m[35m (0.7ms)[0m  [1m[36mcommit transaction[0m
  [1m[36mActiveRecord::InternalMetadata Load (0.1ms)[0m  [1m[34mSELECT  "ar_internal_metadata".* FROM "ar_internal_metadata" WHERE "ar_internal_metadata"."key" = ? LIMIT ?[0m  [["key", "environment"], ["LIMIT", 1]]
  [1m[35m (0.0ms)[0m  [1m[36mbegin transaction[0m
  [1m[35mSQL (0.3ms)[0m  [1m[32mINSERT INTO "ar_internal_metadata" ("key", "value", "created_at", "updated_at") VALUES (?, ?, ?, ?)[0m  [["key", "environment"], ["value", "development"], ["created_at", "2018-10-04 20:02:06.993169"], ["updated_at", "2018-10-04 20:02:06.993169"]]
  [1m[35m (0.7ms)[0m  [1m[36mcommit transaction[0m
  [1m[35m (0.1ms)[0m  [1m[34mSELECT "schema_migrations"."version" FROM "schema_migrations" ORDER BY "schema_migrations"."version" ASC[0m
Started GET "/" for 127.0.0.1 at 2018-10-04 16:02:15 -0400
  [1m[35m (0.1ms)[0m  [1m[34mSELECT "schema_migrations"."version" FROM "schema_migrations" ORDER BY "schema_migrations"."version" ASC[0m
Processing by Rails::WelcomeController#index as HTML
  Rendering /Users/johnfox/.rvm/gems/ruby-2.4.2/gems/railties-5.1.6/lib/rails/templates/rails/welcome/index.html.erb
  Rendered /Users/johnfox/.rvm/gems/ruby-2.4.2/gems/railties-5.1.6/lib/rails/templates/rails/welcome/index.html.erb (2.5ms)
Completed 200 OK in 17ms (Views: 7.4ms | ActiveRecord: 0.0ms)


Started GET "/todo_lists" for 127.0.0.1 at 2018-10-04 16:02:21 -0400
Processing by TodoListsController#index as HTML
  Rendering todo_lists/index.html.erb within layouts/application
  [1m[36mTodoList Load (0.1ms)[0m  [1m[34mSELECT "todo_lists".* FROM "todo_lists"[0m
  Rendered todo_lists/index.html.erb within layouts/application (2.6ms)
Completed 200 OK in 555ms (Views: 550.0ms | ActiveRecord: 0.5ms)


Started GET "/todo_lists/new" for 127.0.0.1 at 2018-10-04 16:17:56 -0400
Processing by TodoListsController#new as HTML
  Rendering todo_lists/new.html.erb within layouts/application
  Rendered todo_lists/_form.html.erb (15.7ms)
  Rendered todo_lists/new.html.erb within layouts/application (18.0ms)
Completed 200 OK in 43ms (Views: 34.3ms | ActiveRecord: 0.5ms)


Started POST "/todo_lists" for 127.0.0.1 at 2018-10-04 16:18:23 -0400
Processing by TodoListsController#create as HTML
  Parameters: {"utf8"=>"✓", "authenticity_token"=>"77r1xFqK/WPflzF3yMWAAhLsfWSh7z+gcCicFzqpuWx9sXPXFx5eYOx5hNUB0i7mc7pCxqVObYh9/nAuzI0E8w==", "todo_list"=>{"title"=>"Grocery List", "description"=>"Milk"}, "commit"=>"Create Todo list"}
  [1m[35m (0.1ms)[0m  [1m[36mbegin transaction[0m
  [1m[35mSQL (0.6ms)[0m  [1m[32mINSERT INTO "todo_lists" ("title", "description", "created_at", "updated_at") VALUES (?, ?, ?, ?)[0m  [["title", "Grocery List"], ["description", "Milk"], ["created_at", "2018-10-04 20:18:23.159662"], ["updated_at", "2018-10-04 20:18:23.159662"]]
  [1m[35m (1.1ms)[0m  [1m[36mcommit transaction[0m
Redirected to http://localhost:3000/todo_lists/1
Completed 302 Found in 6ms (ActiveRecord: 1.8ms)


Started GET "/todo_lists/1" for 127.0.0.1 at 2018-10-04 16:18:23 -0400
Processing by TodoListsController#show as HTML
  Parameters: {"id"=>"1"}
  [1m[36mTodoList Load (0.3ms)[0m  [1m[34mSELECT  "todo_lists".* FROM "todo_lists" WHERE "todo_lists"."id" = ? LIMIT ?[0m  [["id", 1], ["LIMIT", 1]]
  Rendering todo_lists/show.html.erb within layouts/application
  Rendered todo_lists/show.html.erb within layouts/application (1.6ms)
Completed 200 OK in 43ms (Views: 36.7ms | ActiveRecord: 0.3ms)


Started GET "/todo_lists/1/edit" for 127.0.0.1 at 2018-10-04 16:18:27 -0400
Processing by TodoListsController#edit as HTML
  Parameters: {"id"=>"1"}
  [1m[36mTodoList Load (0.3ms)[0m  [1m[34mSELECT  "todo_lists".* FROM "todo_lists" WHERE "todo_lists"."id" = ? LIMIT ?[0m  [["id", 1], ["LIMIT", 1]]
  Rendering todo_lists/edit.html.erb within layouts/application
  Rendered todo_lists/_form.html.erb (1.9ms)
  Rendered todo_lists/edit.html.erb within layouts/application (3.8ms)
Completed 200 OK in 26ms (Views: 22.7ms | ActiveRecord: 0.3ms)


Started PATCH "/todo_lists/1" for 127.0.0.1 at 2018-10-04 16:18:34 -0400
Processing by TodoListsController#update as HTML
  Parameters: {"utf8"=>"✓", "authenticity_token"=>"EtTpkW69BC9Ftf6YBU2pRHl5tdRgsZ/a+9VlBn0vPbvtCfKV0lsOxG8Yxur0lhCzinSwgEw2k8Xcm+ZvazTxew==", "todo_list"=>{"title"=>"Grocery List", "description"=>"Milk, Bread"}, "commit"=>"Update Todo list", "id"=>"1"}
  [1m[36mTodoList Load (0.2ms)[0m  [1m[34mSELECT  "todo_lists".* FROM "todo_lists" WHERE "todo_lists"."id" = ? LIMIT ?[0m  [["id", 1], ["LIMIT", 1]]
  [1m[35m (0.1ms)[0m  [1m[36mbegin transaction[0m
  [1m[35mSQL (0.5ms)[0m  [1m[33mUPDATE "todo_lists" SET "description" = ?, "updated_at" = ? WHERE "todo_lists"."id" = ?[0m  [["description", "Milk, Bread"], ["updated_at", "2018-10-04 20:18:34.378040"], ["id", 1]]
  [1m[35m (0.7ms)[0m  [1m[36mcommit transaction[0m
Redirected to http://localhost:3000/todo_lists/1
Completed 302 Found in 5ms (ActiveRecord: 1.5ms)


Started GET "/todo_lists/1" for 127.0.0.1 at 2018-10-04 16:18:34 -0400
Processing by TodoListsController#show as HTML
  Parameters: {"id"=>"1"}
  [1m[36mTodoList Load (0.1ms)[0m  [1m[34mSELECT  "todo_lists".* FROM "todo_lists" WHERE "todo_lists"."id" = ? LIMIT ?[0m  [["id", 1], ["LIMIT", 1]]
  Rendering todo_lists/show.html.erb within layouts/application
  Rendered todo_lists/show.html.erb within layouts/application (0.6ms)
Completed 200 OK in 23ms (Views: 20.0ms | ActiveRecord: 0.1ms)


Started GET "/todo_lists" for 127.0.0.1 at 2018-10-04 16:18:36 -0400
Processing by TodoListsController#index as HTML
  Rendering todo_lists/index.html.erb within layouts/application
  [1m[36mTodoList Load (0.2ms)[0m  [1m[34mSELECT "todo_lists".* FROM "todo_lists"[0m
  Rendered todo_lists/index.html.erb within layouts/application (2.0ms)
Completed 200 OK in 22ms (Views: 19.4ms | ActiveRecord: 0.2ms)


Started DELETE "/todo_lists/1" for 127.0.0.1 at 2018-10-04 16:18:40 -0400
Processing by TodoListsController#destroy as HTML
  Parameters: {"authenticity_token"=>"y4nzeH4zX39pitXLAwm767CIo+FjkmyinK9DnLYC/Fe6+DdQAGH7WCLvwIkb0k6i1YCfZ8o2dX0jzh9fqsYdow==", "id"=>"1"}
  [1m[36mTodoList Load (0.1ms)[0m  [1m[34mSELECT  "todo_lists".* FROM "todo_lists" WHERE "todo_lists"."id" = ? LIMIT ?[0m  [["id", 1], ["LIMIT", 1]]
  [1m[35m (0.1ms)[0m  [1m[36mbegin transaction[0m
  [1m[35mSQL (0.4ms)[0m  [1m[31mDELETE FROM "todo_lists" WHERE "todo_lists"."id" = ?[0m  [["id", 1]]
  [1m[35m (1.2ms)[0m  [1m[36mcommit transaction[0m
Redirected to http://localhost:3000/todo_lists
Completed 302 Found in 4ms (ActiveRecord: 1.8ms)


Started GET "/todo_lists" for 127.0.0.1 at 2018-10-04 16:18:40 -0400
Processing by TodoListsController#index as HTML
  Rendering todo_lists/index.html.erb within layouts/application
  [1m[36mTodoList Load (0.2ms)[0m  [1m[34mSELECT "todo_lists".* FROM "todo_lists"[0m
  Rendered todo_lists/index.html.erb within layouts/application (1.2ms)
Completed 200 OK in 25ms (Views: 22.9ms | ActiveRecord: 0.2ms)


Started GET "/todo_lists/new" for 127.0.0.1 at 2018-10-04 16:27:20 -0400
Processing by TodoListsController#new as HTML
  Rendering todo_lists/new.html.erb within layouts/application
  Rendered todo_lists/_form.html.erb (1.9ms)
  Rendered todo_lists/new.html.erb within layouts/application (4.1ms)
Completed 200 OK in 27ms (Views: 24.0ms | ActiveRecord: 0.0ms)


Started GET "/todo_lists" for 127.0.0.1 at 2018-10-04 16:27:23 -0400
Processing by TodoListsController#index as HTML
  Rendering todo_lists/index.html.erb within layouts/application
  [1m[36mTodoList Load (0.2ms)[0m  [1m[34mSELECT "todo_lists".* FROM "todo_lists"[0m
  Rendered todo_lists/index.html.erb within layouts/application (1.8ms)
Completed 200 OK in 26ms (Views: 23.5ms | ActiveRecord: 0.2ms)


Started GET "/todo_lists/new" for 127.0.0.1 at 2018-10-04 16:27:34 -0400
Processing by TodoListsController#new as HTML
  Rendering todo_lists/new.html.erb within layouts/application
  Rendered todo_lists/_form.html.erb (2.3ms)
  Rendered todo_lists/new.html.erb within layouts/application (4.4ms)
Completed 200 OK in 27ms (Views: 23.7ms | ActiveRecord: 0.0ms)


Started GET "/todo_lists" for 127.0.0.1 at 2018-10-04 16:27:36 -0400
Processing by TodoListsController#index as HTML
  Rendering todo_lists/index.html.erb within layouts/application
  [1m[36mTodoList Load (0.3ms)[0m  [1m[34mSELECT "todo_lists".* FROM "todo_lists"[0m
  Rendered todo_lists/index.html.erb within layouts/application (1.8ms)
Completed 200 OK in 24ms (Views: 21.2ms | ActiveRecord: 0.3ms)


Started GET "/todo_lists/new" for 127.0.0.1 at 2018-10-04 16:27:56 -0400
Processing by TodoListsController#new as HTML
  Rendering todo_lists/new.html.erb within layouts/application
  Rendered todo_lists/_form.html.erb (1.8ms)
  Rendered todo_lists/new.html.erb within layouts/application (3.7ms)
Completed 200 OK in 23ms (Views: 20.1ms | ActiveRecord: 0.0ms)


Started POST "/todo_lists" for 127.0.0.1 at 2018-10-04 16:27:59 -0400
Processing by TodoListsController#create as HTML
  Parameters: {"utf8"=>"✓", "authenticity_token"=>"EkLNVz7+U71Q/Li+C7apMy8EO35dAxUNm8Y9OIFX9e2ASUtEc2rwvmMSDRzCoQfXTlIE3FmiRyWWENEBd3NIcg==", "todo_list"=>{"title"=>"sv", "description"=>"xzcv"}, "commit"=>"Create Todo list"}
  [1m[35m (0.1ms)[0m  [1m[36mbegin transaction[0m
  [1m[35mSQL (0.4ms)[0m  [1m[32mINSERT INTO "todo_lists" ("title", "description", "created_at", "updated_at") VALUES (?, ?, ?, ?)[0m  [["title", "sv"], ["description", "xzcv"], ["created_at", "2018-10-04 20:27:59.402682"], ["updated_at", "2018-10-04 20:27:59.402682"]]
  [1m[35m (0.7ms)[0m  [1m[36mcommit transaction[0m
Redirected to http://localhost:3000/todo_lists/2
Completed 302 Found in 4ms (ActiveRecord: 1.1ms)


Started GET "/todo_lists/2" for 127.0.0.1 at 2018-10-04 16:27:59 -0400
Processing by TodoListsController#show as HTML
  Parameters: {"id"=>"2"}
  [1m[36mTodoList Load (0.1ms)[0m  [1m[34mSELECT  "todo_lists".* FROM "todo_lists" WHERE "todo_lists"."id" = ? LIMIT ?[0m  [["id", 2], ["LIMIT", 1]]
  Rendering todo_lists/show.html.erb within layouts/application
  Rendered todo_lists/show.html.erb within layouts/application (0.6ms)
Completed 200 OK in 18ms (Views: 15.3ms | ActiveRecord: 0.1ms)


Started GET "/todo_lists" for 127.0.0.1 at 2018-10-04 16:28:26 -0400
Processing by TodoListsController#index as HTML
  Rendering todo_lists/index.html.erb within layouts/application
  [1m[36mTodoList Load (0.2ms)[0m  [1m[34mSELECT "todo_lists".* FROM "todo_lists"[0m
  Rendered todo_lists/index.html.erb within layouts/application (1.7ms)
Completed 200 OK in 19ms (Views: 16.3ms | ActiveRecord: 0.2ms)


Started GET "/todo_lists/2" for 127.0.0.1 at 2018-10-04 16:28:29 -0400
Processing by TodoListsController#show as HTML
  Parameters: {"id"=>"2"}
  [1m[36mTodoList Load (0.1ms)[0m  [1m[34mSELECT  "todo_lists".* FROM "todo_lists" WHERE "todo_lists"."id" = ? LIMIT ?[0m  [["id", 2], ["LIMIT", 1]]
  Rendering todo_lists/show.html.erb within layouts/application
  Rendered todo_lists/show.html.erb within layouts/application (0.7ms)
Completed 200 OK in 20ms (Views: 16.8ms | ActiveRecord: 0.1ms)


Started GET "/todo_lists" for 127.0.0.1 at 2018-10-04 16:28:31 -0400
Processing by TodoListsController#index as HTML
  Rendering todo_lists/index.html.erb within layouts/application
  [1m[36mTodoList Load (0.2ms)[0m  [1m[34mSELECT "todo_lists".* FROM "todo_lists"[0m
  Rendered todo_lists/index.html.erb within layouts/application (1.5ms)
Completed 200 OK in 21ms (Views: 17.7ms | ActiveRecord: 0.2ms)


Started DELETE "/todo_lists/2" for 127.0.0.1 at 2018-10-04 16:28:33 -0400
Processing by TodoListsController#destroy as HTML
  Parameters: {"authenticity_token"=>"aUrpORhx3CZL3VKFYxLob096SImQVJFJ4rbFOMcgPrAYOy0RZiN4AQC4R8d7yR0mKnJ0DznwiJZd15n72+TfRA==", "id"=>"2"}
  [1m[36mTodoList Load (0.1ms)[0m  [1m[34mSELECT  "todo_lists".* FROM "todo_lists" WHERE "todo_lists"."id" = ? LIMIT ?[0m  [["id", 2], ["LIMIT", 1]]
  [1m[35m (0.0ms)[0m  [1m[36mbegin transaction[0m
  [1m[35mSQL (0.3ms)[0m  [1m[31mDELETE FROM "todo_lists" WHERE "todo_lists"."id" = ?[0m  [["id", 2]]
  [1m[35m (0.6ms)[0m  [1m[36mcommit transaction[0m
Redirected to http://localhost:3000/todo_lists
Completed 302 Found in 3ms (ActiveRecord: 1.0ms)


Started GET "/todo_lists" for 127.0.0.1 at 2018-10-04 16:28:33 -0400
Processing by TodoListsController#index as HTML
  Rendering todo_lists/index.html.erb within layouts/application
  [1m[36mTodoList Load (0.2ms)[0m  [1m[34mSELECT "todo_lists".* FROM "todo_lists"[0m
  Rendered todo_lists/index.html.erb within layouts/application (1.5ms)
Completed 200 OK in 20ms (Views: 18.0ms | ActiveRecord: 0.2ms)


Started GET "/todo_lists/new" for 127.0.0.1 at 2018-10-04 16:33:19 -0400
Processing by TodoListsController#new as HTML
  Rendering todo_lists/new.html.erb within layouts/application
  Rendered todo_lists/_form.html.erb (1.9ms)
  Rendered todo_lists/new.html.erb within layouts/application (4.3ms)
Completed 200 OK in 25ms (Views: 22.3ms | ActiveRecord: 0.0ms)


Started POST "/todo_lists" for 127.0.0.1 at 2018-10-04 16:33:22 -0400
Processing by TodoListsController#create as HTML
  Parameters: {"utf8"=>"✓", "authenticity_token"=>"d4FxWrqCLM5vvKpuwfMJqqtNcZhKrB4kug9PFM+d6CLlivdJ9xaPzVxSH8wI5KdOyhtOOk4NTAy32aMtOblVvQ==", "todo_list"=>{"title"=>"sd", "description"=>"asdf"}, "commit"=>"Create Todo list"}
  [1m[35m (0.1ms)[0m  [1m[36mbegin transaction[0m
  [1m[35mSQL (0.4ms)[0m  [1m[32mINSERT INTO "todo_lists" ("title", "description", "created_at", "updated_at") VALUES (?, ?, ?, ?)[0m  [["title", "sd"], ["description", "asdf"], ["created_at", "2018-10-04 20:33:22.234914"], ["updated_at", "2018-10-04 20:33:22.234914"]]
  [1m[35m (0.6ms)[0m  [1m[36mcommit transaction[0m
Redirected to http://localhost:3000/todo_lists/3
Completed 302 Found in 4ms (ActiveRecord: 1.1ms)


Started GET "/todo_lists/3" for 127.0.0.1 at 2018-10-04 16:33:22 -0400
Processing by TodoListsController#show as HTML
  Parameters: {"id"=>"3"}
  [1m[36mTodoList Load (0.2ms)[0m  [1m[34mSELECT  "todo_lists".* FROM "todo_lists" WHERE "todo_lists"."id" = ? LIMIT ?[0m  [["id", 3], ["LIMIT", 1]]
  Rendering todo_lists/show.html.erb within layouts/application
  Rendered todo_lists/show.html.erb within layouts/application (0.8ms)
Completed 200 OK in 23ms (Views: 19.1ms | ActiveRecord: 0.2ms)


Started GET "/todo_lists" for 127.0.0.1 at 2018-10-04 16:33:27 -0400
Processing by TodoListsController#index as HTML
  Rendering todo_lists/index.html.erb within layouts/application
  [1m[36mTodoList Load (0.2ms)[0m  [1m[34mSELECT "todo_lists".* FROM "todo_lists"[0m
  Rendered todo_lists/index.html.erb within layouts/application (1.6ms)
Completed 200 OK in 25ms (Views: 22.2ms | ActiveRecord: 0.2ms)


Started GET "/todo_lists/new" for 127.0.0.1 at 2018-10-04 16:33:28 -0400
Processing by TodoListsController#new as HTML
  Rendering todo_lists/new.html.erb within layouts/application
  Rendered todo_lists/_form.html.erb (1.6ms)
  Rendered todo_lists/new.html.erb within layouts/application (3.6ms)
Completed 200 OK in 21ms (Views: 18.7ms | ActiveRecord: 0.0ms)


Started POST "/todo_lists" for 127.0.0.1 at 2018-10-04 16:33:31 -0400
Processing by TodoListsController#create as HTML
  Parameters: {"utf8"=>"✓", "authenticity_token"=>"tmam5U3/wKV4vN7bhMDgzKdIja81sS+bw0ubgk8t1LAkbSD2AGtjpktSa3lN104oxh6yDTEQfbPOnXe7uQlpLw==", "todo_list"=>{"title"=>"asdf", "description"=>"asdf"}, "commit"=>"Create Todo list"}
  [1m[35m (0.1ms)[0m  [1m[36mbegin transaction[0m
  [1m[35mSQL (0.4ms)[0m  [1m[32mINSERT INTO "todo_lists" ("title", "description", "created_at", "updated_at") VALUES (?, ?, ?, ?)[0m  [["title", "asdf"], ["description", "asdf"], ["created_at", "2018-10-04 20:33:31.109710"], ["updated_at", "2018-10-04 20:33:31.109710"]]
  [1m[35m (0.6ms)[0m  [1m[36mcommit transaction[0m
Redirected to http://localhost:3000/todo_lists/4
Completed 302 Found in 4ms (ActiveRecord: 1.1ms)


Started GET "/todo_lists/4" for 127.0.0.1 at 2018-10-04 16:33:31 -0400
Processing by TodoListsController#show as HTML
  Parameters: {"id"=>"4"}
  [1m[36mTodoList Load (0.1ms)[0m  [1m[34mSELECT  "todo_lists".* FROM "todo_lists" WHERE "todo_lists"."id" = ? LIMIT ?[0m  [["id", 4], ["LIMIT", 1]]
  Rendering todo_lists/show.html.erb within layouts/application
  Rendered todo_lists/show.html.erb within layouts/application (0.7ms)
Completed 200 OK in 17ms (Views: 15.1ms | ActiveRecord: 0.1ms)


Started GET "/todo_lists" for 127.0.0.1 at 2018-10-04 16:33:33 -0400
Processing by TodoListsController#index as HTML
  Rendering todo_lists/index.html.erb within layouts/application
  [1m[36mTodoList Load (0.2ms)[0m  [1m[34mSELECT "todo_lists".* FROM "todo_lists"[0m
  Rendered todo_lists/index.html.erb within layouts/application (1.8ms)
Completed 200 OK in 20ms (Views: 17.2ms | ActiveRecord: 0.2ms)


Started DELETE "/todo_lists/4" for 127.0.0.1 at 2018-10-04 16:33:36 -0400
Processing by TodoListsController#destroy as HTML
  Parameters: {"authenticity_token"=>"U/9XDqy82yiiziRGqTs4JzJq//c1fmr4X/aMQQ3hmK8ijpMm0u5/D+mrMQSx4M1uV2LDcZzacyfgl9CCESV5Ww==", "id"=>"4"}
  [1m[36mTodoList Load (0.1ms)[0m  [1m[34mSELECT  "todo_lists".* FROM "todo_lists" WHERE "todo_lists"."id" = ? LIMIT ?[0m  [["id", 4], ["LIMIT", 1]]
  [1m[35m (0.0ms)[0m  [1m[36mbegin transaction[0m
  [1m[35mSQL (0.3ms)[0m  [1m[31mDELETE FROM "todo_lists" WHERE "todo_lists"."id" = ?[0m  [["id", 4]]
  [1m[35m (1.3ms)[0m  [1m[36mcommit transaction[0m
Redirected to http://localhost:3000/todo_lists
Completed 302 Found in 4ms (ActiveRecord: 1.8ms)


Started GET "/todo_lists" for 127.0.0.1 at 2018-10-04 16:33:36 -0400
Processing by TodoListsController#index as HTML
  Rendering todo_lists/index.html.erb within layouts/application
  [1m[36mTodoList Load (0.2ms)[0m  [1m[34mSELECT "todo_lists".* FROM "todo_lists"[0m
  Rendered todo_lists/index.html.erb within layouts/application (1.4ms)
Completed 200 OK in 18ms (Views: 16.5ms | ActiveRecord: 0.2ms)


Started DELETE "/todo_lists/3" for 127.0.0.1 at 2018-10-04 16:33:38 -0400
Processing by TodoListsController#destroy as HTML
  Parameters: {"authenticity_token"=>"f0XCWrVmbeWUwQONKsiJRGKQwe1spDvTozVou/YrlLkONAZyyzTJwt+kFs8yE3wNB5j9a8UAIgwcVDR46u91TQ==", "id"=>"3"}
  [1m[36mTodoList Load (0.1ms)[0m  [1m[34mSELECT  "todo_lists".* FROM "todo_lists" WHERE "todo_lists"."id" = ? LIMIT ?[0m  [["id", 3], ["LIMIT", 1]]
  [1m[35m (0.1ms)[0m  [1m[36mbegin transaction[0m
  [1m[35mSQL (0.3ms)[0m  [1m[31mDELETE FROM "todo_lists" WHERE "todo_lists"."id" = ?[0m  [["id", 3]]
  [1m[35m (1.4ms)[0m  [1m[36mcommit transaction[0m
Redirected to http://localhost:3000/todo_lists
Completed 302 Found in 4ms (ActiveRecord: 1.8ms)


Started GET "/todo_lists" for 127.0.0.1 at 2018-10-04 16:33:38 -0400
Processing by TodoListsController#index as HTML
  Rendering todo_lists/index.html.erb within layouts/application
  [1m[36mTodoList Load (0.2ms)[0m  [1m[34mSELECT "todo_lists".* FROM "todo_lists"[0m
  Rendered todo_lists/index.html.erb within layouts/application (1.4ms)
Completed 200 OK in 19ms (Views: 17.6ms | ActiveRecord: 0.2ms)


